# JRE version: Java(TM) SE Runtime Environment (8.0-b132) (build 1.8.0-b132)
# Java VM: Java HotSpot(TM) 64-Bit Server VM (25.0-b70 mixed mode windows-amd64 compressed oops)
Heap:
 PSYoungGen      total 70144K, used 53352K [0x0000000740000000, 0x0000000744880000, 0x00000007c0000000)
  eden space 66048K, 77% used [0x0000000740000000,0x00000007431d7ae0,0x0000000744080000)
  from space 4096K, 56% used [0x0000000744480000,0x00000007446c2568,0x0000000744880000)
  to   space 4096K, 0% used [0x0000000744080000,0x0000000744080000,0x0000000744480000)
 ParOldGen       total 391680K, used 12675K [0x0000000640000000, 0x0000000657e80000, 0x0000000740000000)
  object space 391680K, 3% used [0x0000000640000000,0x0000000640c60f38,0x0000000657e80000)
 Metaspace       used 18155K, capacity 18844K, committed 18944K, reserved 1064960K
  class space    used 2232K, capacity 2501K, committed 2560K, reserved 1048576K
GC Heap History (10 events):
Event: 1.264 GC heap before
{Heap before GC invocations=14 (full 0):
 PSYoungGen      total 20992K, used 20976K [0x0000000740000000, 0x0000000742400000, 0x00000007c0000000)
  eden space 18432K, 100% used [0x0000000740000000,0x0000000741200000,0x0000000741200000)
  from space 2560K, 99% used [0x0000000741200000,0x000000074147c010,0x0000000741480000)
  to   space 3584K, 0% used [0x0000000742080000,0x0000000742080000,0x0000000742400000)
 ParOldGen       total 391680K, used 5607K [0x0000000640000000, 0x0000000657e80000, 0x0000000740000000)
  object space 391680K, 1% used [0x0000000640000000,0x0000000640579cd0,0x0000000657e80000)
 Metaspace       used 13496K, capacity 13694K, committed 13952K, reserved 1060864K
  class space    used 1724K, capacity 1809K, committed 1920K, reserved 1048576K
Event: 1.268 GC heap after
Heap after GC invocations=14 (full 0):
 PSYoungGen      total 32768K, used 2300K [0x0000000740000000, 0x0000000742500000, 0x00000007c0000000)
  eden space 29184K, 0% used [0x0000000740000000,0x0000000740000000,0x0000000741c80000)
  from space 3584K, 64% used [0x0000000742080000,0x00000007422bf190,0x0000000742400000)
  to   space 4096K, 0% used [0x0000000741c80000,0x0000000741c80000,0x0000000742080000)
 ParOldGen       total 391680K, used 7249K [0x0000000640000000, 0x0000000657e80000, 0x0000000740000000)
  object space 391680K, 1% used [0x0000000640000000,0x0000000640714540,0x0000000657e80000)
 Metaspace       used 13496K, capacity 13694K, committed 13952K, reserved 1060864K
  class space    used 1724K, capacity 1809K, committed 1920K, reserved 1048576K
}
Event: 1.527 GC heap before
{Heap before GC invocations=15 (full 0):
 PSYoungGen      total 32768K, used 31484K [0x0000000740000000, 0x0000000742500000, 0x00000007c0000000)
  eden space 29184K, 100% used [0x0000000740000000,0x0000000741c80000,0x0000000741c80000)
  from space 3584K, 64% used [0x0000000742080000,0x00000007422bf190,0x0000000742400000)
  to   space 4096K, 0% used [0x0000000741c80000,0x0000000741c80000,0x0000000742080000)
 ParOldGen       total 391680K, used 7249K [0x0000000640000000, 0x0000000657e80000, 0x0000000740000000)
  object space 391680K, 1% used [0x0000000640000000,0x0000000640714540,0x0000000657e80000)
 Metaspace       used 14256K, capacity 14570K, committed 14720K, reserved 1062912K
  class space    used 1795K, capacity 1913K, committed 1920K, reserved 1048576K
Event: 1.535 GC heap after
Heap after GC invocations=15 (full 0):
 PSYoungGen      total 33280K, used 2259K [0x0000000740000000, 0x0000000743600000, 0x00000007c0000000)
  eden space 29184K, 0% used [0x0000000740000000,0x0000000740000000,0x0000000741c80000)
  from space 4096K, 55% used [0x0000000741c80000,0x0000000741eb4fe0,0x0000000742080000)
  to   space 4096K, 0% used [0x0000000743200000,0x0000000743200000,0x0000000743600000)
 ParOldGen       total 391680K, used 8593K [0x0000000640000000, 0x0000000657e80000, 0x0000000740000000)
  object space 391680K, 2% used [0x0000000640000000,0x0000000640864540,0x0000000657e80000)
 Metaspace       used 14256K, capacity 14570K, committed 14720K, reserved 1062912K
  class space    used 1795K, capacity 1913K, committed 1920K, reserved 1048576K
}
Event: 1.771 GC heap before
{Heap before GC invocations=16 (full 0):
 PSYoungGen      total 33280K, used 31443K [0x0000000740000000, 0x0000000743600000, 0x00000007c0000000)
  eden space 29184K, 100% used [0x0000000740000000,0x0000000741c80000,0x0000000741c80000)
  from space 4096K, 55% used [0x0000000741c80000,0x0000000741eb4fe0,0x0000000742080000)
  to   space 4096K, 0% used [0x0000000743200000,0x0000000743200000,0x0000000743600000)
 ParOldGen       total 391680K, used 8593K [0x0000000640000000, 0x0000000657e80000, 0x0000000740000000)
  object space 391680K, 2% used [0x0000000640000000,0x0000000640864540,0x0000000657e80000)
 Metaspace       used 15167K, capacity 15544K, committed 15744K, reserved 1062912K
  class space    used 1923K, capacity 2066K, committed 2176K, reserved 1048576K
Event: 1.791 GC heap after
Heap after GC invocations=16 (full 0):
 PSYoungGen      total 51200K, used 2726K [0x0000000740000000, 0x0000000743600000, 0x00000007c0000000)
  eden space 47104K, 0% used [0x0000000740000000,0x0000000740000000,0x0000000742e00000)
  from space 4096K, 66% used [0x0000000743200000,0x00000007434a9ad0,0x0000000743600000)
  to   space 4096K, 0% used [0x0000000742e00000,0x0000000742e00000,0x0000000743200000)
 ParOldGen       total 391680K, used 9974K [0x0000000640000000, 0x0000000657e80000, 0x0000000740000000)
  object space 391680K, 2% used [0x0000000640000000,0x00000006409bdbf0,0x0000000657e80000)
 Metaspace       used 15167K, capacity 15544K, committed 15744K, reserved 1062912K
  class space    used 1923K, capacity 2066K, committed 2176K, reserved 1048576K
}
Event: 21.317 GC heap before
{Heap before GC invocations=17 (full 0):
 PSYoungGen      total 51200K, used 49830K [0x0000000740000000, 0x0000000743600000, 0x00000007c0000000)
  eden space 47104K, 100% used [0x0000000740000000,0x0000000742e00000,0x0000000742e00000)
  from space 4096K, 66% used [0x0000000743200000,0x00000007434a9ad0,0x0000000743600000)
  to   space 4096K, 0% used [0x0000000742e00000,0x0000000742e00000,0x0000000743200000)
 ParOldGen       total 391680K, used 9974K [0x0000000640000000, 0x0000000657e80000, 0x0000000740000000)
  object space 391680K, 2% used [0x0000000640000000,0x00000006409bdbf0,0x0000000657e80000)
 Metaspace       used 16495K, capacity 17118K, committed 17408K, reserved 1064960K
  class space    used 2040K, capacity 2248K, committed 2304K, reserved 1048576K
Event: 21.330 GC heap after
Heap after GC invocations=17 (full 0):
 PSYoungGen      total 51200K, used 1823K [0x0000000740000000, 0x0000000744880000, 0x00000007c0000000)
  eden space 47104K, 0% used [0x0000000740000000,0x0000000740000000,0x0000000742e00000)
  from space 4096K, 44% used [0x0000000742e00000,0x0000000742fc7c28,0x0000000743200000)
  to   space 4096K, 0% used [0x0000000744480000,0x0000000744480000,0x0000000744880000)
 ParOldGen       total 391680K, used 11699K [0x0000000640000000, 0x0000000657e80000, 0x0000000740000000)
  object space 391680K, 2% used [0x0000000640000000,0x0000000640b6cf38,0x0000000657e80000)
 Metaspace       used 16495K, capacity 17118K, committed 17408K, reserved 1064960K
  class space    used 2040K, capacity 2248K, committed 2304K, reserved 1048576K
}
Event: 23.953 GC heap before
{Heap before GC invocations=18 (full 0):
 PSYoungGen      total 51200K, used 48927K [0x0000000740000000, 0x0000000744880000, 0x00000007c0000000)
  eden space 47104K, 100% used [0x0000000740000000,0x0000000742e00000,0x0000000742e00000)
  from space 4096K, 44% used [0x0000000742e00000,0x0000000742fc7c28,0x0000000743200000)
  to   space 4096K, 0% used [0x0000000744480000,0x0000000744480000,0x0000000744880000)
 ParOldGen       total 391680K, used 11699K [0x0000000640000000, 0x0000000657e80000, 0x0000000740000000)
  object space 391680K, 2% used [0x0000000640000000,0x0000000640b6cf38,0x0000000657e80000)
 Metaspace       used 17961K, capacity 18640K, committed 18944K, reserved 1064960K
  class space    used 2231K, capacity 2499K, committed 2560K, reserved 1048576K
Event: 23.966 GC heap after
Heap after GC invocations=18 (full 0):
 PSYoungGen      total 70144K, used 2313K [0x0000000740000000, 0x0000000744880000, 0x00000007c0000000)
  eden space 66048K, 0% used [0x0000000740000000,0x0000000740000000,0x0000000744080000)
  from space 4096K, 56% used [0x0000000744480000,0x00000007446c2568,0x0000000744880000)
  to   space 4096K, 0% used [0x0000000744080000,0x0000000744080000,0x0000000744480000)
 ParOldGen       total 391680K, used 12675K [0x0000000640000000, 0x0000000657e80000, 0x0000000740000000)
  object space 391680K, 3% used [0x0000000640000000,0x0000000640c60f38,0x0000000657e80000)
 Metaspace       used 17961K, capacity 18640K, committed 18944K, reserved 1064960K
  class space    used 2231K, capacity 2499K, committed 2560K, reserved 1048576K
}

