# JRE version: Java(TM) SE Runtime Environment (8.0-b132) (build 1.8.0-b132)
# Java VM: Java HotSpot(TM) 64-Bit Server VM (25.0-b70 mixed mode windows-amd64 compressed oops)
Heap:
 PSYoungGen      total 58880K, used 25425K [0x00000000eab00000, 0x00000000f0100000, 0x0000000100000000)
  eden space 42496K, 21% used [0x00000000eab00000,0x00000000eb3d5d90,0x00000000ed480000)
  from space 16384K, 99% used [0x00000000ed480000,0x00000000ee47e950,0x00000000ee480000)
  to   space 19456K, 0% used [0x00000000eee00000,0x00000000eee00000,0x00000000f0100000)
 ParOldGen       total 64000K, used 41921K [0x00000000c0000000, 0x00000000c3e80000, 0x00000000eab00000)
  object space 64000K, 65% used [0x00000000c0000000,0x00000000c28f0400,0x00000000c3e80000)
 Metaspace       used 32599K, capacity 32739K, committed 32944K, reserved 1077248K
  class space    used 4706K, capacity 4727K, committed 4784K, reserved 1048576K
GC Heap History (10 events):
Event: 1.269 GC heap before
{Heap before GC invocations=16 (full 1):
 PSYoungGen      total 39424K, used 4570K [0x00000000eab00000, 0x00000000eed00000, 0x0000000100000000)
  eden space 28672K, 0% used [0x00000000eab00000,0x00000000eab00000,0x00000000ec700000)
  from space 10752K, 42% used [0x00000000ec700000,0x00000000ecb76868,0x00000000ed180000)
  to   space 10752K, 0% used [0x00000000ee280000,0x00000000ee280000,0x00000000eed00000)
 ParOldGen       total 64000K, used 26351K [0x00000000c0000000, 0x00000000c3e80000, 0x00000000eab00000)
  object space 64000K, 41% used [0x00000000c0000000,0x00000000c19bbf58,0x00000000c3e80000)
 Metaspace       used 21096K, capacity 21203K, committed 21296K, reserved 1067008K
  class space    used 3075K, capacity 3120K, committed 3120K, reserved 1048576K
Event: 1.338 GC heap after
Heap after GC invocations=16 (full 1):
 PSYoungGen      total 39424K, used 0K [0x00000000eab00000, 0x00000000eed00000, 0x0000000100000000)
  eden space 28672K, 0% used [0x00000000eab00000,0x00000000eab00000,0x00000000ec700000)
  from space 10752K, 0% used [0x00000000ec700000,0x00000000ec700000,0x00000000ed180000)
  to   space 10752K, 0% used [0x00000000ee280000,0x00000000ee280000,0x00000000eed00000)
 ParOldGen       total 64000K, used 27251K [0x00000000c0000000, 0x00000000c3e80000, 0x00000000eab00000)
  object space 64000K, 42% used [0x00000000c0000000,0x00000000c1a9ce40,0x00000000c3e80000)
 Metaspace       used 21096K, capacity 21203K, committed 21296K, reserved 1067008K
  class space    used 3075K, capacity 3120K, committed 3120K, reserved 1048576K
}
Event: 1.812 GC heap before
{Heap before GC invocations=17 (full 1):
 PSYoungGen      total 39424K, used 28672K [0x00000000eab00000, 0x00000000eed00000, 0x0000000100000000)
  eden space 28672K, 100% used [0x00000000eab00000,0x00000000ec700000,0x00000000ec700000)
  from space 10752K, 0% used [0x00000000ec700000,0x00000000ec700000,0x00000000ed180000)
  to   space 10752K, 0% used [0x00000000ee280000,0x00000000ee280000,0x00000000eed00000)
 ParOldGen       total 64000K, used 27251K [0x00000000c0000000, 0x00000000c3e80000, 0x00000000eab00000)
  object space 64000K, 42% used [0x00000000c0000000,0x00000000c1a9ce40,0x00000000c3e80000)
 Metaspace       used 23496K, capacity 23673K, committed 23856K, reserved 1069056K
  class space    used 3500K, capacity 3538K, committed 3632K, reserved 1048576K
Event: 1.818 GC heap after
Heap after GC invocations=17 (full 1):
 PSYoungGen      total 47104K, used 9829K [0x00000000eab00000, 0x00000000eec80000, 0x0000000100000000)
  eden space 36864K, 0% used [0x00000000eab00000,0x00000000eab00000,0x00000000ecf00000)
  from space 10240K, 95% used [0x00000000ee280000,0x00000000eec196f0,0x00000000eec80000)
  to   space 12288K, 0% used [0x00000000ed480000,0x00000000ed480000,0x00000000ee080000)
 ParOldGen       total 64000K, used 27259K [0x00000000c0000000, 0x00000000c3e80000, 0x00000000eab00000)
  object space 64000K, 42% used [0x00000000c0000000,0x00000000c1a9ee40,0x00000000c3e80000)
 Metaspace       used 23496K, capacity 23673K, committed 23856K, reserved 1069056K
  class space    used 3500K, capacity 3538K, committed 3632K, reserved 1048576K
}
Event: 2.625 GC heap before
{Heap before GC invocations=18 (full 1):
 PSYoungGen      total 47104K, used 46693K [0x00000000eab00000, 0x00000000eec80000, 0x0000000100000000)
  eden space 36864K, 100% used [0x00000000eab00000,0x00000000ecf00000,0x00000000ecf00000)
  from space 10240K, 95% used [0x00000000ee280000,0x00000000eec196f0,0x00000000eec80000)
  to   space 12288K, 0% used [0x00000000ed480000,0x00000000ed480000,0x00000000ee080000)
 ParOldGen       total 64000K, used 27259K [0x00000000c0000000, 0x00000000c3e80000, 0x00000000eab00000)
  object space 64000K, 42% used [0x00000000c0000000,0x00000000c1a9ee40,0x00000000c3e80000)
 Metaspace       used 26336K, capacity 26467K, committed 26800K, reserved 1073152K
  class space    used 3881K, capacity 3895K, committed 4016K, reserved 1048576K
Event: 2.647 GC heap after
Heap after GC invocations=18 (full 1):
 PSYoungGen      total 54784K, used 12284K [0x00000000eab00000, 0x00000000ef380000, 0x0000000100000000)
  eden space 42496K, 0% used [0x00000000eab00000,0x00000000eab00000,0x00000000ed480000)
  from space 12288K, 99% used [0x00000000ed480000,0x00000000ee07f020,0x00000000ee080000)
  to   space 15360K, 0% used [0x00000000ee480000,0x00000000ee480000,0x00000000ef380000)
 ParOldGen       total 64000K, used 30339K [0x00000000c0000000, 0x00000000c3e80000, 0x00000000eab00000)
  object space 64000K, 47% used [0x00000000c0000000,0x00000000c1da0d48,0x00000000c3e80000)
 Metaspace       used 26336K, capacity 26467K, committed 26800K, reserved 1073152K
  class space    used 3881K, capacity 3895K, committed 4016K, reserved 1048576K
}
Event: 3.460 GC heap before
{Heap before GC invocations=19 (full 1):
 PSYoungGen      total 54784K, used 54780K [0x00000000eab00000, 0x00000000ef380000, 0x0000000100000000)
  eden space 42496K, 100% used [0x00000000eab00000,0x00000000ed480000,0x00000000ed480000)
  from space 12288K, 99% used [0x00000000ed480000,0x00000000ee07f020,0x00000000ee080000)
  to   space 15360K, 0% used [0x00000000ee480000,0x00000000ee480000,0x00000000ef380000)
 ParOldGen       total 64000K, used 30339K [0x00000000c0000000, 0x00000000c3e80000, 0x00000000eab00000)
  object space 64000K, 47% used [0x00000000c0000000,0x00000000c1da0d48,0x00000000c3e80000)
 Metaspace       used 28715K, capacity 28835K, committed 29232K, reserved 1075200K
  class space    used 4246K, capacity 4279K, committed 4400K, reserved 1048576K
Event: 3.469 GC heap after
Heap after GC invocations=19 (full 1):
 PSYoungGen      total 57856K, used 10540K [0x00000000eab00000, 0x00000000efb80000, 0x0000000100000000)
  eden space 42496K, 0% used [0x00000000eab00000,0x00000000eab00000,0x00000000ed480000)
  from space 15360K, 68% used [0x00000000ee480000,0x00000000eeecb330,0x00000000ef380000)
  to   space 16384K, 0% used [0x00000000ed480000,0x00000000ed480000,0x00000000ee480000)
 ParOldGen       total 64000K, used 41130K [0x00000000c0000000, 0x00000000c3e80000, 0x00000000eab00000)
  object space 64000K, 64% used [0x00000000c0000000,0x00000000c282a960,0x00000000c3e80000)
 Metaspace       used 28715K, capacity 28835K, committed 29232K, reserved 1075200K
  class space    used 4246K, capacity 4279K, committed 4400K, reserved 1048576K
}
Event: 4.248 GC heap before
{Heap before GC invocations=20 (full 1):
 PSYoungGen      total 57856K, used 53036K [0x00000000eab00000, 0x00000000efb80000, 0x0000000100000000)
  eden space 42496K, 100% used [0x00000000eab00000,0x00000000ed480000,0x00000000ed480000)
  from space 15360K, 68% used [0x00000000ee480000,0x00000000eeecb330,0x00000000ef380000)
  to   space 16384K, 0% used [0x00000000ed480000,0x00000000ed480000,0x00000000ee480000)
 ParOldGen       total 64000K, used 41130K [0x00000000c0000000, 0x00000000c3e80000, 0x00000000eab00000)
  object space 64000K, 64% used [0x00000000c0000000,0x00000000c282a960,0x00000000c3e80000)
 Metaspace       used 32218K, capacity 32355K, committed 32688K, reserved 1077248K
  class space    used 4674K, capacity 4727K, committed 4784K, reserved 1048576K
Event: 4.272 GC heap after
Heap after GC invocations=20 (full 1):
 PSYoungGen      total 58880K, used 16378K [0x00000000eab00000, 0x00000000f0100000, 0x0000000100000000)
  eden space 42496K, 0% used [0x00000000eab00000,0x00000000eab00000,0x00000000ed480000)
  from space 16384K, 99% used [0x00000000ed480000,0x00000000ee47e950,0x00000000ee480000)
  to   space 19456K, 0% used [0x00000000eee00000,0x00000000eee00000,0x00000000f0100000)
 ParOldGen       total 64000K, used 41921K [0x00000000c0000000, 0x00000000c3e80000, 0x00000000eab00000)
  object space 64000K, 65% used [0x00000000c0000000,0x00000000c28f0400,0x00000000c3e80000)
 Metaspace       used 32218K, capacity 32355K, committed 32688K, reserved 1077248K
  class space    used 4674K, capacity 4727K, committed 4784K, reserved 1048576K
}

